CRITICAL - 2023-01-06 10:23:12 --> Argument 1 passed to Firebase\JWT\JWT::decode() must be of the type string, array given, called in D:\xampp\htdocs\RoomRentAPI\app\Helpers\jwt_helper.php on line 17
in VENDORPATH\firebase\php-jwt\src\JWT.php on line 90.
 1 APPPATH\Helpers\jwt_helper.php(17): Firebase\JWT\JWT::decode([...], Object(Firebase\JWT\Key))
 2 APPPATH\Filters\FilterJwt.php(25): validationJWT([...])
 3 SYSTEMPATH\Filters\Filters.php(173): App\Filters\FilterJwt->before(Object(CodeIgniter\HTTP\IncomingRequest), null)
 4 SYSTEMPATH\CodeIgniter.php(453): CodeIgniter\Filters\Filters->run('login', 'before')
 5 SYSTEMPATH\CodeIgniter.php(349): CodeIgniter\CodeIgniter->handleRequest(null, Object(Config\Cache), false)
 6 FCPATH\index.php(67): CodeIgniter\CodeIgniter->run()
CRITICAL - 2023-01-06 11:28:37 --> Call to undefined method CodeIgniter\Router\RouteCollection::gwt()
in APPPATH\Config\Routes.php on line 40.
 1 SYSTEMPATH\CodeIgniter.php(787): require()
 2 SYSTEMPATH\CodeIgniter.php(428): CodeIgniter\CodeIgniter->tryToRouteIt(Object(CodeIgniter\Router\RouteCollection))
 3 SYSTEMPATH\CodeIgniter.php(349): CodeIgniter\CodeIgniter->handleRequest(null, Object(Config\Cache), false)
 4 FCPATH\index.php(67): CodeIgniter\CodeIgniter->run()
CRITICAL - 2023-01-06 11:33:42 --> Undefined index: Authorization
in APPPATH\Filters\FilterJwt.php on line 21.
 1 APPPATH\Filters\FilterJwt.php(21): CodeIgniter\Debug\Exceptions->errorHandler(8, 'Undefined index: Authorization', 'APPPATH\\Filters\\FilterJwt.php', 21, [...])
 2 SYSTEMPATH\Filters\Filters.php(173): App\Filters\FilterJwt->before(Object(CodeIgniter\HTTP\IncomingRequest), null)
 3 SYSTEMPATH\CodeIgniter.php(453): CodeIgniter\Filters\Filters->run('login', 'before')
 4 SYSTEMPATH\CodeIgniter.php(349): CodeIgniter\CodeIgniter->handleRequest(null, Object(Config\Cache), false)
 5 FCPATH\index.php(67): CodeIgniter\CodeIgniter->run()
CRITICAL - 2023-01-06 11:34:06 --> Undefined index: HTTP_AUTHORIZATION
in APPPATH\Filters\FilterJwt.php on line 21.
 1 APPPATH\Filters\FilterJwt.php(21): CodeIgniter\Debug\Exceptions->errorHandler(8, 'Undefined index: HTTP_AUTHORIZATION', 'APPPATH\\Filters\\FilterJwt.php', 21, [...])
 2 SYSTEMPATH\Filters\Filters.php(173): App\Filters\FilterJwt->before(Object(CodeIgniter\HTTP\IncomingRequest), null)
 3 SYSTEMPATH\CodeIgniter.php(453): CodeIgniter\Filters\Filters->run('login', 'before')
 4 SYSTEMPATH\CodeIgniter.php(349): CodeIgniter\CodeIgniter->handleRequest(null, Object(Config\Cache), false)
 5 FCPATH\index.php(67): CodeIgniter\CodeIgniter->run()
CRITICAL - 2023-01-06 11:34:49 --> Undefined index: HTTP_AUTHORIZATION
in APPPATH\Filters\FilterJwt.php on line 21.
 1 APPPATH\Filters\FilterJwt.php(21): CodeIgniter\Debug\Exceptions->errorHandler(8, 'Undefined index: HTTP_AUTHORIZATION', 'APPPATH\\Filters\\FilterJwt.php', 21, [...])
 2 SYSTEMPATH\Filters\Filters.php(173): App\Filters\FilterJwt->before(Object(CodeIgniter\HTTP\IncomingRequest), null)
 3 SYSTEMPATH\CodeIgniter.php(453): CodeIgniter\Filters\Filters->run('login', 'before')
 4 SYSTEMPATH\CodeIgniter.php(349): CodeIgniter\CodeIgniter->handleRequest(null, Object(Config\Cache), false)
 5 FCPATH\index.php(67): CodeIgniter\CodeIgniter->run()
CRITICAL - 2023-01-06 11:35:00 --> Undefined index: Authorization
in APPPATH\Filters\FilterJwt.php on line 21.
 1 APPPATH\Filters\FilterJwt.php(21): CodeIgniter\Debug\Exceptions->errorHandler(8, 'Undefined index: Authorization', 'APPPATH\\Filters\\FilterJwt.php', 21, [...])
 2 SYSTEMPATH\Filters\Filters.php(173): App\Filters\FilterJwt->before(Object(CodeIgniter\HTTP\IncomingRequest), null)
 3 SYSTEMPATH\CodeIgniter.php(453): CodeIgniter\Filters\Filters->run('login', 'before')
 4 SYSTEMPATH\CodeIgniter.php(349): CodeIgniter\CodeIgniter->handleRequest(null, Object(Config\Cache), false)
 5 FCPATH\index.php(67): CodeIgniter\CodeIgniter->run()
CRITICAL - 2023-01-06 11:35:53 --> Undefined index: Authorization
in APPPATH\Filters\FilterJwt.php on line 21.
 1 APPPATH\Filters\FilterJwt.php(21): CodeIgniter\Debug\Exceptions->errorHandler(8, 'Undefined index: Authorization', 'APPPATH\\Filters\\FilterJwt.php', 21, [...])
 2 SYSTEMPATH\Filters\Filters.php(173): App\Filters\FilterJwt->before(Object(CodeIgniter\HTTP\IncomingRequest), null)
 3 SYSTEMPATH\CodeIgniter.php(453): CodeIgniter\Filters\Filters->run('login', 'before')
 4 SYSTEMPATH\CodeIgniter.php(349): CodeIgniter\CodeIgniter->handleRequest(null, Object(Config\Cache), false)
 5 FCPATH\index.php(67): CodeIgniter\CodeIgniter->run()
CRITICAL - 2023-01-06 11:36:07 --> Undefined index: Authorization
in APPPATH\Filters\FilterJwt.php on line 21.
 1 APPPATH\Filters\FilterJwt.php(21): CodeIgniter\Debug\Exceptions->errorHandler(8, 'Undefined index: Authorization', 'APPPATH\\Filters\\FilterJwt.php', 21, [...])
 2 SYSTEMPATH\Filters\Filters.php(173): App\Filters\FilterJwt->before(Object(CodeIgniter\HTTP\IncomingRequest), null)
 3 SYSTEMPATH\CodeIgniter.php(453): CodeIgniter\Filters\Filters->run('login', 'before')
 4 SYSTEMPATH\CodeIgniter.php(349): CodeIgniter\CodeIgniter->handleRequest(null, Object(Config\Cache), false)
 5 FCPATH\index.php(67): CodeIgniter\CodeIgniter->run()
CRITICAL - 2023-01-06 11:36:42 --> Undefined index: Authorization
in APPPATH\Filters\FilterJwt.php on line 21.
 1 APPPATH\Filters\FilterJwt.php(21): CodeIgniter\Debug\Exceptions->errorHandler(8, 'Undefined index: Authorization', 'APPPATH\\Filters\\FilterJwt.php', 21, [...])
 2 SYSTEMPATH\Filters\Filters.php(173): App\Filters\FilterJwt->before(Object(CodeIgniter\HTTP\IncomingRequest), null)
 3 SYSTEMPATH\CodeIgniter.php(453): CodeIgniter\Filters\Filters->run('login', 'before')
 4 SYSTEMPATH\CodeIgniter.php(349): CodeIgniter\CodeIgniter->handleRequest(null, Object(Config\Cache), false)
 5 FCPATH\index.php(67): CodeIgniter\CodeIgniter->run()
CRITICAL - 2023-01-06 11:37:01 --> Undefined index: Authorization
in APPPATH\Filters\FilterJwt.php on line 21.
 1 APPPATH\Filters\FilterJwt.php(21): CodeIgniter\Debug\Exceptions->errorHandler(8, 'Undefined index: Authorization', 'APPPATH\\Filters\\FilterJwt.php', 21, [...])
 2 SYSTEMPATH\Filters\Filters.php(173): App\Filters\FilterJwt->before(Object(CodeIgniter\HTTP\IncomingRequest), null)
 3 SYSTEMPATH\CodeIgniter.php(453): CodeIgniter\Filters\Filters->run('login', 'before')
 4 SYSTEMPATH\CodeIgniter.php(349): CodeIgniter\CodeIgniter->handleRequest(null, Object(Config\Cache), false)
 5 FCPATH\index.php(67): CodeIgniter\CodeIgniter->run()
CRITICAL - 2023-01-06 11:37:41 --> Undefined index: HTTP_AUTHORIZATION
in APPPATH\Filters\FilterJwt.php on line 21.
 1 APPPATH\Filters\FilterJwt.php(21): CodeIgniter\Debug\Exceptions->errorHandler(8, 'Undefined index: HTTP_AUTHORIZATION', 'APPPATH\\Filters\\FilterJwt.php', 21, [...])
 2 SYSTEMPATH\Filters\Filters.php(173): App\Filters\FilterJwt->before(Object(CodeIgniter\HTTP\IncomingRequest), null)
 3 SYSTEMPATH\CodeIgniter.php(453): CodeIgniter\Filters\Filters->run('login', 'before')
 4 SYSTEMPATH\CodeIgniter.php(349): CodeIgniter\CodeIgniter->handleRequest(null, Object(Config\Cache), false)
 5 FCPATH\index.php(67): CodeIgniter\CodeIgniter->run()
CRITICAL - 2023-01-06 11:38:33 --> Undefined index: HTTP_AUTHORIZATION
in APPPATH\Filters\FilterJwt.php on line 21.
 1 APPPATH\Filters\FilterJwt.php(21): CodeIgniter\Debug\Exceptions->errorHandler(8, 'Undefined index: HTTP_AUTHORIZATION', 'APPPATH\\Filters\\FilterJwt.php', 21, [...])
 2 SYSTEMPATH\Filters\Filters.php(173): App\Filters\FilterJwt->before(Object(CodeIgniter\HTTP\IncomingRequest), null)
 3 SYSTEMPATH\CodeIgniter.php(453): CodeIgniter\Filters\Filters->run('login', 'before')
 4 SYSTEMPATH\CodeIgniter.php(349): CodeIgniter\CodeIgniter->handleRequest(null, Object(Config\Cache), false)
 5 FCPATH\index.php(67): CodeIgniter\CodeIgniter->run()
CRITICAL - 2023-01-06 12:11:06 --> Undefined index: HTTP_AUTHORIZATION
in APPPATH\Filters\FilterJwt.php on line 21.
 1 APPPATH\Filters\FilterJwt.php(21): CodeIgniter\Debug\Exceptions->errorHandler(8, 'Undefined index: HTTP_AUTHORIZATION', 'APPPATH\\Filters\\FilterJwt.php', 21, [...])
 2 SYSTEMPATH\Filters\Filters.php(173): App\Filters\FilterJwt->before(Object(CodeIgniter\HTTP\IncomingRequest), null)
 3 SYSTEMPATH\CodeIgniter.php(453): CodeIgniter\Filters\Filters->run('login', 'before')
 4 SYSTEMPATH\CodeIgniter.php(349): CodeIgniter\CodeIgniter->handleRequest(null, Object(Config\Cache), false)
 5 FCPATH\index.php(67): CodeIgniter\CodeIgniter->run()
CRITICAL - 2023-01-06 12:11:32 --> Argument 1 passed to Firebase\JWT\JWT::decode() must be of the type string, array given, called in D:\xampp\htdocs\RoomRentAPI\app\Helpers\jwt_helper.php on line 19
in VENDORPATH\firebase\php-jwt\src\JWT.php on line 90.
 1 APPPATH\Helpers\jwt_helper.php(19): Firebase\JWT\JWT::decode([...], Object(Firebase\JWT\Key))
 2 APPPATH\Filters\FilterJwt.php(26): validationJWT([...])
 3 SYSTEMPATH\Filters\Filters.php(173): App\Filters\FilterJwt->before(Object(CodeIgniter\HTTP\IncomingRequest), null)
 4 SYSTEMPATH\CodeIgniter.php(453): CodeIgniter\Filters\Filters->run('login', 'before')
 5 SYSTEMPATH\CodeIgniter.php(349): CodeIgniter\CodeIgniter->handleRequest(null, Object(Config\Cache), false)
 6 FCPATH\index.php(67): CodeIgniter\CodeIgniter->run()
CRITICAL - 2023-01-06 13:00:05 --> Undefined index: Postman-Token
in APPPATH\Filters\FilterJwt.php on line 21.
 1 APPPATH\Filters\FilterJwt.php(21): CodeIgniter\Debug\Exceptions->errorHandler(8, 'Undefined index: Postman-Token', 'APPPATH\\Filters\\FilterJwt.php', 21, [...])
 2 SYSTEMPATH\Filters\Filters.php(173): App\Filters\FilterJwt->before(Object(CodeIgniter\HTTP\IncomingRequest), null)
 3 SYSTEMPATH\CodeIgniter.php(453): CodeIgniter\Filters\Filters->run('login', 'before')
 4 SYSTEMPATH\CodeIgniter.php(349): CodeIgniter\CodeIgniter->handleRequest(null, Object(Config\Cache), false)
 5 FCPATH\index.php(67): CodeIgniter\CodeIgniter->run()
CRITICAL - 2023-01-06 13:00:55 --> Undefined index: HTTP_AUTHORIZATION
in APPPATH\Filters\FilterJwt.php on line 21.
 1 APPPATH\Filters\FilterJwt.php(21): CodeIgniter\Debug\Exceptions->errorHandler(8, 'Undefined index: HTTP_AUTHORIZATION', 'APPPATH\\Filters\\FilterJwt.php', 21, [...])
 2 SYSTEMPATH\Filters\Filters.php(173): App\Filters\FilterJwt->before(Object(CodeIgniter\HTTP\IncomingRequest), null)
 3 SYSTEMPATH\CodeIgniter.php(453): CodeIgniter\Filters\Filters->run('login', 'before')
 4 SYSTEMPATH\CodeIgniter.php(349): CodeIgniter\CodeIgniter->handleRequest(null, Object(Config\Cache), false)
 5 FCPATH\index.php(67): CodeIgniter\CodeIgniter->run()
