CRITICAL - 2023-01-10 14:49:21 --> Function name must be a string
in APPPATH\Controllers\Rent.php on line 129.
 1 SYSTEMPATH\CodeIgniter.php(925): App\Controllers\Rent->update('1')
 2 SYSTEMPATH\CodeIgniter.php(480): CodeIgniter\CodeIgniter->runController(Object(App\Controllers\Rent))
 3 SYSTEMPATH\CodeIgniter.php(349): CodeIgniter\CodeIgniter->handleRequest(null, Object(Config\Cache), false)
 4 FCPATH\index.php(67): CodeIgniter\CodeIgniter->run()
 5 SYSTEMPATH\Commands\Server\rewrite.php(47): require_once('FCPATH\\index.php')
CRITICAL - 2023-01-10 14:50:02 --> Function name must be a string
in APPPATH\Controllers\Rent.php on line 129.
 1 SYSTEMPATH\CodeIgniter.php(925): App\Controllers\Rent->update('1')
 2 SYSTEMPATH\CodeIgniter.php(480): CodeIgniter\CodeIgniter->runController(Object(App\Controllers\Rent))
 3 SYSTEMPATH\CodeIgniter.php(349): CodeIgniter\CodeIgniter->handleRequest(null, Object(Config\Cache), false)
 4 FCPATH\index.php(67): CodeIgniter\CodeIgniter->run()
 5 SYSTEMPATH\Commands\Server\rewrite.php(47): require_once('FCPATH\\index.php')
CRITICAL - 2023-01-10 14:51:06 --> Function name must be a string
in APPPATH\Controllers\Rent.php on line 129.
 1 SYSTEMPATH\CodeIgniter.php(925): App\Controllers\Rent->update('1')
 2 SYSTEMPATH\CodeIgniter.php(480): CodeIgniter\CodeIgniter->runController(Object(App\Controllers\Rent))
 3 SYSTEMPATH\CodeIgniter.php(349): CodeIgniter\CodeIgniter->handleRequest(null, Object(Config\Cache), false)
 4 FCPATH\index.php(67): CodeIgniter\CodeIgniter->run()
 5 SYSTEMPATH\Commands\Server\rewrite.php(47): require_once('FCPATH\\index.php')
CRITICAL - 2023-01-10 14:51:45 --> Function name must be a string
in APPPATH\Controllers\Rent.php on line 129.
 1 SYSTEMPATH\CodeIgniter.php(925): App\Controllers\Rent->update('1')
 2 SYSTEMPATH\CodeIgniter.php(480): CodeIgniter\CodeIgniter->runController(Object(App\Controllers\Rent))
 3 SYSTEMPATH\CodeIgniter.php(349): CodeIgniter\CodeIgniter->handleRequest(null, Object(Config\Cache), false)
 4 FCPATH\index.php(67): CodeIgniter\CodeIgniter->run()
 5 SYSTEMPATH\Commands\Server\rewrite.php(47): require_once('FCPATH\\index.php')
CRITICAL - 2023-01-10 14:59:24 --> Undefined index: time_end
in APPPATH\Controllers\Rent.php on line 129.
 1 APPPATH\Controllers\Rent.php(129): CodeIgniter\Debug\Exceptions->errorHandler(8, 'Undefined index: time_end', 'APPPATH\\Controllers\\Rent.php', 129, [...])
 2 SYSTEMPATH\CodeIgniter.php(925): App\Controllers\Rent->update('1')
 3 SYSTEMPATH\CodeIgniter.php(480): CodeIgniter\CodeIgniter->runController(Object(App\Controllers\Rent))
 4 SYSTEMPATH\CodeIgniter.php(349): CodeIgniter\CodeIgniter->handleRequest(null, Object(Config\Cache), false)
 5 FCPATH\index.php(67): CodeIgniter\CodeIgniter->run()
 6 SYSTEMPATH\Commands\Server\rewrite.php(47): require_once('FCPATH\\index.php')
CRITICAL - 2023-01-10 15:00:34 --> Undefined index: time_end
in APPPATH\Controllers\Rent.php on line 129.
 1 APPPATH\Controllers\Rent.php(129): CodeIgniter\Debug\Exceptions->errorHandler(8, 'Undefined index: time_end', 'APPPATH\\Controllers\\Rent.php', 129, [...])
 2 SYSTEMPATH\CodeIgniter.php(925): App\Controllers\Rent->update('1')
 3 SYSTEMPATH\CodeIgniter.php(480): CodeIgniter\CodeIgniter->runController(Object(App\Controllers\Rent))
 4 SYSTEMPATH\CodeIgniter.php(349): CodeIgniter\CodeIgniter->handleRequest(null, Object(Config\Cache), false)
 5 FCPATH\index.php(67): CodeIgniter\CodeIgniter->run()
 6 SYSTEMPATH\Commands\Server\rewrite.php(47): require_once('FCPATH\\index.php')
CRITICAL - 2023-01-10 15:01:07 --> Undefined index: time_end
in APPPATH\Controllers\Rent.php on line 129.
 1 APPPATH\Controllers\Rent.php(129): CodeIgniter\Debug\Exceptions->errorHandler(8, 'Undefined index: time_end', 'APPPATH\\Controllers\\Rent.php', 129, [...])
 2 SYSTEMPATH\CodeIgniter.php(925): App\Controllers\Rent->update('1')
 3 SYSTEMPATH\CodeIgniter.php(480): CodeIgniter\CodeIgniter->runController(Object(App\Controllers\Rent))
 4 SYSTEMPATH\CodeIgniter.php(349): CodeIgniter\CodeIgniter->handleRequest(null, Object(Config\Cache), false)
 5 FCPATH\index.php(67): CodeIgniter\CodeIgniter->run()
 6 SYSTEMPATH\Commands\Server\rewrite.php(47): require_once('FCPATH\\index.php')
CRITICAL - 2023-01-10 15:01:38 --> Undefined index: time_end
in APPPATH\Controllers\Rent.php on line 129.
 1 APPPATH\Controllers\Rent.php(129): CodeIgniter\Debug\Exceptions->errorHandler(8, 'Undefined index: time_end', 'APPPATH\\Controllers\\Rent.php', 129, [...])
 2 SYSTEMPATH\CodeIgniter.php(925): App\Controllers\Rent->update('1')
 3 SYSTEMPATH\CodeIgniter.php(480): CodeIgniter\CodeIgniter->runController(Object(App\Controllers\Rent))
 4 SYSTEMPATH\CodeIgniter.php(349): CodeIgniter\CodeIgniter->handleRequest(null, Object(Config\Cache), false)
 5 FCPATH\index.php(67): CodeIgniter\CodeIgniter->run()
 6 SYSTEMPATH\Commands\Server\rewrite.php(47): require_once('FCPATH\\index.php')
CRITICAL - 2023-01-10 15:02:09 --> Function name must be a string
in APPPATH\Controllers\Rent.php on line 129.
 1 SYSTEMPATH\CodeIgniter.php(925): App\Controllers\Rent->update('1')
 2 SYSTEMPATH\CodeIgniter.php(480): CodeIgniter\CodeIgniter->runController(Object(App\Controllers\Rent))
 3 SYSTEMPATH\CodeIgniter.php(349): CodeIgniter\CodeIgniter->handleRequest(null, Object(Config\Cache), false)
 4 FCPATH\index.php(67): CodeIgniter\CodeIgniter->run()
 5 SYSTEMPATH\Commands\Server\rewrite.php(47): require_once('FCPATH\\index.php')
CRITICAL - 2023-01-10 15:03:08 --> Undefined index: time_end
in APPPATH\Controllers\Rent.php on line 129.
 1 APPPATH\Controllers\Rent.php(129): CodeIgniter\Debug\Exceptions->errorHandler(8, 'Undefined index: time_end', 'APPPATH\\Controllers\\Rent.php', 129, [...])
 2 SYSTEMPATH\CodeIgniter.php(925): App\Controllers\Rent->update('1')
 3 SYSTEMPATH\CodeIgniter.php(480): CodeIgniter\CodeIgniter->runController(Object(App\Controllers\Rent))
 4 SYSTEMPATH\CodeIgniter.php(349): CodeIgniter\CodeIgniter->handleRequest(null, Object(Config\Cache), false)
 5 FCPATH\index.php(67): CodeIgniter\CodeIgniter->run()
 6 SYSTEMPATH\Commands\Server\rewrite.php(47): require_once('FCPATH\\index.php')
CRITICAL - 2023-01-10 15:05:16 --> Undefined index: time_end
in APPPATH\Controllers\Rent.php on line 129.
 1 APPPATH\Controllers\Rent.php(129): CodeIgniter\Debug\Exceptions->errorHandler(8, 'Undefined index: time_end', 'APPPATH\\Controllers\\Rent.php', 129, [...])
 2 SYSTEMPATH\CodeIgniter.php(925): App\Controllers\Rent->update('1')
 3 SYSTEMPATH\CodeIgniter.php(480): CodeIgniter\CodeIgniter->runController(Object(App\Controllers\Rent))
 4 SYSTEMPATH\CodeIgniter.php(349): CodeIgniter\CodeIgniter->handleRequest(null, Object(Config\Cache), false)
 5 FCPATH\index.php(67): CodeIgniter\CodeIgniter->run()
 6 SYSTEMPATH\Commands\Server\rewrite.php(47): require_once('FCPATH\\index.php')
CRITICAL - 2023-01-10 15:06:56 --> Undefined index: room_id
in APPPATH\Controllers\Rent.php on line 137.
 1 APPPATH\Controllers\Rent.php(137): CodeIgniter\Debug\Exceptions->errorHandler(8, 'Undefined index: room_id', 'APPPATH\\Controllers\\Rent.php', 137, [...])
 2 SYSTEMPATH\CodeIgniter.php(925): App\Controllers\Rent->update('1')
 3 SYSTEMPATH\CodeIgniter.php(480): CodeIgniter\CodeIgniter->runController(Object(App\Controllers\Rent))
 4 SYSTEMPATH\CodeIgniter.php(349): CodeIgniter\CodeIgniter->handleRequest(null, Object(Config\Cache), false)
 5 FCPATH\index.php(67): CodeIgniter\CodeIgniter->run()
 6 SYSTEMPATH\Commands\Server\rewrite.php(47): require_once('FCPATH\\index.php')
CRITICAL - 2023-01-10 15:07:19 --> Undefined index: room_id
in APPPATH\Controllers\Rent.php on line 137.
 1 APPPATH\Controllers\Rent.php(137): CodeIgniter\Debug\Exceptions->errorHandler(8, 'Undefined index: room_id', 'APPPATH\\Controllers\\Rent.php', 137, [...])
 2 SYSTEMPATH\CodeIgniter.php(925): App\Controllers\Rent->update('1')
 3 SYSTEMPATH\CodeIgniter.php(480): CodeIgniter\CodeIgniter->runController(Object(App\Controllers\Rent))
 4 SYSTEMPATH\CodeIgniter.php(349): CodeIgniter\CodeIgniter->handleRequest(null, Object(Config\Cache), false)
 5 FCPATH\index.php(67): CodeIgniter\CodeIgniter->run()
 6 SYSTEMPATH\Commands\Server\rewrite.php(47): require_once('FCPATH\\index.php')
CRITICAL - 2023-01-10 15:14:07 --> Undefined variable: 12 Oktober 2021
in APPPATH\Controllers\Rent.php on line 137.
 1 APPPATH\Controllers\Rent.php(137): CodeIgniter\Debug\Exceptions->errorHandler(8, 'Undefined variable: 12 Oktober 2021', 'APPPATH\\Controllers\\Rent.php', 137, [...])
 2 SYSTEMPATH\CodeIgniter.php(925): App\Controllers\Rent->update('2')
 3 SYSTEMPATH\CodeIgniter.php(480): CodeIgniter\CodeIgniter->runController(Object(App\Controllers\Rent))
 4 SYSTEMPATH\CodeIgniter.php(349): CodeIgniter\CodeIgniter->handleRequest(null, Object(Config\Cache), false)
 5 FCPATH\index.php(67): CodeIgniter\CodeIgniter->run()
 6 SYSTEMPATH\Commands\Server\rewrite.php(47): require_once('FCPATH\\index.php')
CRITICAL - 2023-01-10 15:14:37 --> Undefined variable: 
in APPPATH\Controllers\Rent.php on line 137.
 1 APPPATH\Controllers\Rent.php(137): CodeIgniter\Debug\Exceptions->errorHandler(8, 'Undefined variable: ', 'APPPATH\\Controllers\\Rent.php', 137, [...])
 2 SYSTEMPATH\CodeIgniter.php(925): App\Controllers\Rent->update('2')
 3 SYSTEMPATH\CodeIgniter.php(480): CodeIgniter\CodeIgniter->runController(Object(App\Controllers\Rent))
 4 SYSTEMPATH\CodeIgniter.php(349): CodeIgniter\CodeIgniter->handleRequest(null, Object(Config\Cache), false)
 5 FCPATH\index.php(67): CodeIgniter\CodeIgniter->run()
 6 SYSTEMPATH\Commands\Server\rewrite.php(47): require_once('FCPATH\\index.php')
CRITICAL - 2023-01-10 15:14:55 --> Undefined variable: 
in APPPATH\Controllers\Rent.php on line 137.
 1 APPPATH\Controllers\Rent.php(137): CodeIgniter\Debug\Exceptions->errorHandler(8, 'Undefined variable: ', 'APPPATH\\Controllers\\Rent.php', 137, [...])
 2 SYSTEMPATH\CodeIgniter.php(925): App\Controllers\Rent->update('2')
 3 SYSTEMPATH\CodeIgniter.php(480): CodeIgniter\CodeIgniter->runController(Object(App\Controllers\Rent))
 4 SYSTEMPATH\CodeIgniter.php(349): CodeIgniter\CodeIgniter->handleRequest(null, Object(Config\Cache), false)
 5 FCPATH\index.php(67): CodeIgniter\CodeIgniter->run()
 6 SYSTEMPATH\Commands\Server\rewrite.php(47): require_once('FCPATH\\index.php')
CRITICAL - 2023-01-10 15:15:41 --> Undefined variable: 
in APPPATH\Controllers\Rent.php on line 137.
 1 APPPATH\Controllers\Rent.php(137): CodeIgniter\Debug\Exceptions->errorHandler(8, 'Undefined variable: ', 'APPPATH\\Controllers\\Rent.php', 137, [...])
 2 SYSTEMPATH\CodeIgniter.php(925): App\Controllers\Rent->update('2')
 3 SYSTEMPATH\CodeIgniter.php(480): CodeIgniter\CodeIgniter->runController(Object(App\Controllers\Rent))
 4 SYSTEMPATH\CodeIgniter.php(349): CodeIgniter\CodeIgniter->handleRequest(null, Object(Config\Cache), false)
 5 FCPATH\index.php(67): CodeIgniter\CodeIgniter->run()
 6 SYSTEMPATH\Commands\Server\rewrite.php(47): require_once('FCPATH\\index.php')
CRITICAL - 2023-01-10 15:16:03 --> Undefined variable: 11/01/2023
in APPPATH\Controllers\Rent.php on line 137.
 1 APPPATH\Controllers\Rent.php(137): CodeIgniter\Debug\Exceptions->errorHandler(8, 'Undefined variable: 11/01/2023', 'APPPATH\\Controllers\\Rent.php', 137, [...])
 2 SYSTEMPATH\CodeIgniter.php(925): App\Controllers\Rent->update('2')
 3 SYSTEMPATH\CodeIgniter.php(480): CodeIgniter\CodeIgniter->runController(Object(App\Controllers\Rent))
 4 SYSTEMPATH\CodeIgniter.php(349): CodeIgniter\CodeIgniter->handleRequest(null, Object(Config\Cache), false)
 5 FCPATH\index.php(67): CodeIgniter\CodeIgniter->run()
 6 SYSTEMPATH\Commands\Server\rewrite.php(47): require_once('FCPATH\\index.php')
CRITICAL - 2023-01-10 15:16:30 --> Undefined variable: 11/01/2023
in APPPATH\Controllers\Rent.php on line 137.
 1 APPPATH\Controllers\Rent.php(137): CodeIgniter\Debug\Exceptions->errorHandler(8, 'Undefined variable: 11/01/2023', 'APPPATH\\Controllers\\Rent.php', 137, [...])
 2 SYSTEMPATH\CodeIgniter.php(925): App\Controllers\Rent->update('2')
 3 SYSTEMPATH\CodeIgniter.php(480): CodeIgniter\CodeIgniter->runController(Object(App\Controllers\Rent))
 4 SYSTEMPATH\CodeIgniter.php(349): CodeIgniter\CodeIgniter->handleRequest(null, Object(Config\Cache), false)
 5 FCPATH\index.php(67): CodeIgniter\CodeIgniter->run()
 6 SYSTEMPATH\Commands\Server\rewrite.php(47): require_once('FCPATH\\index.php')
CRITICAL - 2023-01-10 15:16:48 --> Undefined variable: 11/01/2023
in APPPATH\Controllers\Rent.php on line 137.
 1 APPPATH\Controllers\Rent.php(137): CodeIgniter\Debug\Exceptions->errorHandler(8, 'Undefined variable: 11/01/2023', 'APPPATH\\Controllers\\Rent.php', 137, [...])
 2 SYSTEMPATH\CodeIgniter.php(925): App\Controllers\Rent->update('2')
 3 SYSTEMPATH\CodeIgniter.php(480): CodeIgniter\CodeIgniter->runController(Object(App\Controllers\Rent))
 4 SYSTEMPATH\CodeIgniter.php(349): CodeIgniter\CodeIgniter->handleRequest(null, Object(Config\Cache), false)
 5 FCPATH\index.php(67): CodeIgniter\CodeIgniter->run()
 6 SYSTEMPATH\Commands\Server\rewrite.php(47): require_once('FCPATH\\index.php')
CRITICAL - 2023-01-10 15:17:04 --> Undefined variable: 11/01/2023
in APPPATH\Controllers\Rent.php on line 137.
 1 APPPATH\Controllers\Rent.php(137): CodeIgniter\Debug\Exceptions->errorHandler(8, 'Undefined variable: 11/01/2023', 'APPPATH\\Controllers\\Rent.php', 137, [...])
 2 SYSTEMPATH\CodeIgniter.php(925): App\Controllers\Rent->update('2')
 3 SYSTEMPATH\CodeIgniter.php(480): CodeIgniter\CodeIgniter->runController(Object(App\Controllers\Rent))
 4 SYSTEMPATH\CodeIgniter.php(349): CodeIgniter\CodeIgniter->handleRequest(null, Object(Config\Cache), false)
 5 FCPATH\index.php(67): CodeIgniter\CodeIgniter->run()
 6 SYSTEMPATH\Commands\Server\rewrite.php(47): require_once('FCPATH\\index.php')
CRITICAL - 2023-01-10 15:18:10 --> Undefined variable: April 1, 2017
in APPPATH\Controllers\Rent.php on line 137.
 1 APPPATH\Controllers\Rent.php(137): CodeIgniter\Debug\Exceptions->errorHandler(8, 'Undefined variable: April 1, 2017', 'APPPATH\\Controllers\\Rent.php', 137, [...])
 2 SYSTEMPATH\CodeIgniter.php(925): App\Controllers\Rent->update('2')
 3 SYSTEMPATH\CodeIgniter.php(480): CodeIgniter\CodeIgniter->runController(Object(App\Controllers\Rent))
 4 SYSTEMPATH\CodeIgniter.php(349): CodeIgniter\CodeIgniter->handleRequest(null, Object(Config\Cache), false)
 5 FCPATH\index.php(67): CodeIgniter\CodeIgniter->run()
 6 SYSTEMPATH\Commands\Server\rewrite.php(47): require_once('FCPATH\\index.php')
CRITICAL - 2023-01-10 15:30:56 --> A non well formed numeric value encountered
in APPPATH\Controllers\Rent.php on line 136.
 1 [internal function]: CodeIgniter\Debug\Exceptions->errorHandler(8, 'A non well formed numeric value encountered', 'APPPATH\\Controllers\\Rent.php', 136, [...])
 2 APPPATH\Controllers\Rent.php(136): date('Y-m-d', '2015-08-10 08:30:15')
 3 SYSTEMPATH\CodeIgniter.php(925): App\Controllers\Rent->update('2')
 4 SYSTEMPATH\CodeIgniter.php(480): CodeIgniter\CodeIgniter->runController(Object(App\Controllers\Rent))
 5 SYSTEMPATH\CodeIgniter.php(349): CodeIgniter\CodeIgniter->handleRequest(null, Object(Config\Cache), false)
 6 FCPATH\index.php(67): CodeIgniter\CodeIgniter->run()
 7 SYSTEMPATH\Commands\Server\rewrite.php(47): require_once('FCPATH\\index.php')
CRITICAL - 2023-01-10 15:31:33 --> A non well formed numeric value encountered
in APPPATH\Controllers\Rent.php on line 136.
 1 [internal function]: CodeIgniter\Debug\Exceptions->errorHandler(8, 'A non well formed numeric value encountered', 'APPPATH\\Controllers\\Rent.php', 136, [...])
 2 APPPATH\Controllers\Rent.php(136): date('Y-m-d', '2015-08-10 08:30:15')
 3 SYSTEMPATH\CodeIgniter.php(925): App\Controllers\Rent->update('2')
 4 SYSTEMPATH\CodeIgniter.php(480): CodeIgniter\CodeIgniter->runController(Object(App\Controllers\Rent))
 5 SYSTEMPATH\CodeIgniter.php(349): CodeIgniter\CodeIgniter->handleRequest(null, Object(Config\Cache), false)
 6 FCPATH\index.php(67): CodeIgniter\CodeIgniter->run()
 7 SYSTEMPATH\Commands\Server\rewrite.php(47): require_once('FCPATH\\index.php')
CRITICAL - 2023-01-10 15:35:58 --> A non well formed numeric value encountered
in APPPATH\Controllers\Rent.php on line 137.
 1 [internal function]: CodeIgniter\Debug\Exceptions->errorHandler(8, 'A non well formed numeric value encountered', 'APPPATH\\Controllers\\Rent.php', 137, [...])
 2 APPPATH\Controllers\Rent.php(137): date('Y-m-d', '2015-08-10 08:30:15')
 3 SYSTEMPATH\CodeIgniter.php(925): App\Controllers\Rent->update('2')
 4 SYSTEMPATH\CodeIgniter.php(480): CodeIgniter\CodeIgniter->runController(Object(App\Controllers\Rent))
 5 SYSTEMPATH\CodeIgniter.php(349): CodeIgniter\CodeIgniter->handleRequest(null, Object(Config\Cache), false)
 6 FCPATH\index.php(67): CodeIgniter\CodeIgniter->run()
 7 SYSTEMPATH\Commands\Server\rewrite.php(47): require_once('FCPATH\\index.php')
CRITICAL - 2023-01-10 15:39:29 --> A non well formed numeric value encountered
in APPPATH\Controllers\Rent.php on line 137.
 1 [internal function]: CodeIgniter\Debug\Exceptions->errorHandler(8, 'A non well formed numeric value encountered', 'APPPATH\\Controllers\\Rent.php', 137, [...])
 2 APPPATH\Controllers\Rent.php(137): date('Y-m-d', '2,023')
 3 SYSTEMPATH\CodeIgniter.php(925): App\Controllers\Rent->update('2')
 4 SYSTEMPATH\CodeIgniter.php(480): CodeIgniter\CodeIgniter->runController(Object(App\Controllers\Rent))
 5 SYSTEMPATH\CodeIgniter.php(349): CodeIgniter\CodeIgniter->handleRequest(null, Object(Config\Cache), false)
 6 FCPATH\index.php(67): CodeIgniter\CodeIgniter->run()
 7 SYSTEMPATH\Commands\Server\rewrite.php(47): require_once('FCPATH\\index.php')
CRITICAL - 2023-01-10 15:39:46 --> A non well formed numeric value encountered
in APPPATH\Controllers\Rent.php on line 136.
 1 [internal function]: CodeIgniter\Debug\Exceptions->errorHandler(8, 'A non well formed numeric value encountered', 'APPPATH\\Controllers\\Rent.php', 136, [...])
 2 APPPATH\Controllers\Rent.php(136): number_format('2023-01-12')
 3 SYSTEMPATH\CodeIgniter.php(925): App\Controllers\Rent->update('2')
 4 SYSTEMPATH\CodeIgniter.php(480): CodeIgniter\CodeIgniter->runController(Object(App\Controllers\Rent))
 5 SYSTEMPATH\CodeIgniter.php(349): CodeIgniter\CodeIgniter->handleRequest(null, Object(Config\Cache), false)
 6 FCPATH\index.php(67): CodeIgniter\CodeIgniter->run()
 7 SYSTEMPATH\Commands\Server\rewrite.php(47): require_once('FCPATH\\index.php')
CRITICAL - 2023-01-10 15:39:55 --> A non well formed numeric value encountered
in APPPATH\Controllers\Rent.php on line 137.
 1 [internal function]: CodeIgniter\Debug\Exceptions->errorHandler(8, 'A non well formed numeric value encountered', 'APPPATH\\Controllers\\Rent.php', 137, [...])
 2 APPPATH\Controllers\Rent.php(137): date('Y-m-d', '20,230,112')
 3 SYSTEMPATH\CodeIgniter.php(925): App\Controllers\Rent->update('2')
 4 SYSTEMPATH\CodeIgniter.php(480): CodeIgniter\CodeIgniter->runController(Object(App\Controllers\Rent))
 5 SYSTEMPATH\CodeIgniter.php(349): CodeIgniter\CodeIgniter->handleRequest(null, Object(Config\Cache), false)
 6 FCPATH\index.php(67): CodeIgniter\CodeIgniter->run()
 7 SYSTEMPATH\Commands\Server\rewrite.php(47): require_once('FCPATH\\index.php')
CRITICAL - 2023-01-10 15:45:30 --> date() expects at least 1 parameter, 0 given
in APPPATH\Controllers\Rent.php on line 136.
 1 [internal function]: CodeIgniter\Debug\Exceptions->errorHandler(2, 'date() expects at least 1 parameter, 0 given', 'APPPATH\\Controllers\\Rent.php', 136, [...])
 2 APPPATH\Controllers\Rent.php(136): date()
 3 SYSTEMPATH\CodeIgniter.php(925): App\Controllers\Rent->update('2')
 4 SYSTEMPATH\CodeIgniter.php(480): CodeIgniter\CodeIgniter->runController(Object(App\Controllers\Rent))
 5 SYSTEMPATH\CodeIgniter.php(349): CodeIgniter\CodeIgniter->handleRequest(null, Object(Config\Cache), false)
 6 FCPATH\index.php(67): CodeIgniter\CodeIgniter->run()
 7 SYSTEMPATH\Commands\Server\rewrite.php(47): require_once('FCPATH\\index.php')
